July-01 22:27:44.327 [main] DEBUG nextflow.cli.Launcher - $> nextflow run main.nf
July-01 22:27:44.607 [main] INFO  nextflow.cli.CmdRun - N E X T F L O W  ~  version 23.10.1
July-01 22:27:44.692 [main] DEBUG nextflow.plugin.PluginsFacade - Setting up plugin manager > mode=prod; embedded=false; plugins-dir=/home/z5421465/.nextflow/plugins; core-plugins: nf-amazon@2.1.4,nf-azure@1.3.3,nf-cloudcache@0.3.0,nf-codecommit@0.1.5,nf-console@1.0.6,nf-ga4gh@1.1.0,nf-google@1.8.3,nf-tower@1.6.3,nf-wave@1.0.1
July-01 22:27:44.734 [main] INFO  o.pf4j.DefaultPluginStatusProvider - Enabled plugins: []
July-01 22:27:44.736 [main] INFO  o.pf4j.DefaultPluginStatusProvider - Disabled plugins: []
July-01 22:27:44.739 [main] INFO  org.pf4j.DefaultPluginManager - PF4J version 3.4.1 in 'deployment' mode
July-01 22:27:44.751 [main] INFO  org.pf4j.AbstractPluginManager - No plugins
July-01 22:27:44.873 [main] DEBUG nextflow.cli.CmdRun - Applied DSL=2 by global default
July-01 22:27:44.966 [main] INFO  nextflow.cli.CmdRun - Launching `main.nf` [distracted_mendel] DSL2 - revision: 85b29ad5c6
July-01 22:27:44.968 [main] DEBUG nextflow.plugin.PluginsFacade - Plugins default=[]
July-01 22:27:44.968 [main] DEBUG nextflow.plugin.PluginsFacade - Plugins resolved requirement=[]
July-01 22:27:44.997 [main] DEBUG n.secret.LocalSecretsProvider - Secrets store: /home/z5421465/.nextflow/secrets/store.json
July-01 22:27:45.012 [main] DEBUG nextflow.secret.SecretsLoader - Discovered secrets providers: [nextflow.secret.LocalSecretsProvider@5e3a39cd] - activable => nextflow.secret.LocalSecretsProvider@5e3a39cd
July-01 22:27:45.147 [main] DEBUG nextflow.Session - Session UUID: 8d870c8a-5788-40e3-9f40-557daf7212fe
July-01 22:27:45.148 [main] DEBUG nextflow.Session - Run name: distracted_mendel
July-01 22:27:45.150 [main] DEBUG nextflow.Session - Executor pool size: 4
July-01 22:27:45.157 [main] DEBUG nextflow.file.FilePorter - File porter settings maxRetries=3; maxTransfers=50; pollTimeout=null
July-01 22:27:45.192 [main] DEBUG nextflow.cli.CmdRun - 
  Version: 23.10.1 build 5891
  Created: 12-01-2024 22:01 UTC (13-01-2024 09:01 AEDT)
  System: Linux 4.18.0-513.24.1.el8_9.x86_64
  Runtime: Groovy 3.0.19 on OpenJDK 64-Bit Server VM 21.0.3+9-LTS
  Encoding: UTF-8 (UTF-8)
  Process: 215800@katana1 [10.197.42.129]
  CPUs: 4 - Mem: 31.4 GB (907.4 MB) - Swap: 2 GB (0) - Virtual threads ON
July-01 22:27:45.254 [main] DEBUG nextflow.Session - Work-dir: /home/z5421465/pangenome_pipeline/workflow/work [nfs]
July-01 22:27:45.260 [main] DEBUG nextflow.Session - Script base path does not exist or is not a directory: /home/z5421465/pangenome_pipeline/workflow/bin
July-01 22:27:45.295 [main] DEBUG nextflow.executor.ExecutorFactory - Extension executors providers=[]
July-01 22:27:45.316 [main] DEBUG nextflow.Session - Observer factory: DefaultObserverFactory
July-01 22:27:45.369 [main] DEBUG nextflow.cache.CacheFactory - Using Nextflow cache factory: nextflow.cache.DefaultCacheFactory
July-01 22:27:45.392 [main] DEBUG nextflow.util.CustomPoolFactory - Creating virtual thread pool
July-01 22:27:45.580 [main] DEBUG nextflow.Session - Session start
July-01 22:27:46.898 [main] DEBUG nextflow.script.ScriptRunner - > Launching execution
July-01 22:27:46.955 [main] INFO  nextflow.Nextflow - 
============================================================================================================================================
██████╗  █████╗ ███╗   ██╗ ██████╗ ███████╗███╗   ██╗ ██████╗ ███╗   ███╗███████╗    ██████╗ ██╗██████╗ ███████╗██╗     ██╗███╗   ██╗███████╗
██╔══██╗██╔══██╗████╗  ██║██╔════╝ ██╔════╝████╗  ██║██╔═══██╗████╗ ████║██╔════╝    ██╔══██╗██║██╔══██╗██╔════╝██║     ██║████╗  ██║██╔════╝
██████╔╝███████║██╔██╗ ██║██║  ███╗█████╗  ██╔██╗ ██║██║   ██║██╔████╔██║█████╗      ██████╔╝██║██████╔╝█████╗  ██║     ██║██╔██╗ ██║█████╗  
██╔═══╝ ██╔══██║██║╚██╗██║██║   ██║██╔══╝  ██║╚██╗██║██║   ██║██║╚██╔╝██║██╔══╝      ██╔═══╝ ██║██╔═══╝ ██╔══╝  ██║     ██║██║╚██╗██║██╔══╝  
██║     ██║  ██║██║ ╚████║╚██████╔╝███████╗██║ ╚████║╚██████╔╝██║ ╚═╝ ██║███████╗    ██║     ██║██║     ███████╗███████╗██║██║ ╚████║███████╗
╚═╝     ╚═╝  ╚═╝╚═╝  ╚═══╝ ╚═════╝ ╚══════╝╚═╝  ╚═══╝ ╚═════╝ ╚═╝     ╚═╝╚══════╝    ╚═╝     ╚═╝╚═╝     ╚══════╝╚══════╝╚═╝╚═╝  ╚═══╝╚══════╝                      
=============================================================================================================================================


Runs the Pangenome pipeline in the following steps:
    1. Data Collection: Retrives the genome in a bottle data
    2. Data Preprocessing: Passes BAM files through fastqc module
    4. Sequence Alignment: Passes the BAM file through samtools
    5. Quality Checking (Alignment): Uses the aligned sequence and passes it through fastqc
    6. Statistics: Passes alignment through vg stats
    7. Graph Construction: Uses output from alignment and vg stats and passes through vg giraffe

Inputs:
    ...

Process:
    Dockers:

Output:
    Output folder  : 
    

July-01 22:27:46.963 [main] DEBUG nextflow.script.ScriptRunner - Parsed script files:
  Script_27f5d3ef34ffe471: /home/z5421465/pangenome_pipeline/workflow/main.nf
July-01 22:27:46.992 [main] DEBUG nextflow.Session - Session aborted -- Cause: No signature of method: Script_27f5d3ef34ffe471.paramsSummaryLog() is applicable for argument types: (nextflow.script.WorkflowMetadata) values: [repository: null, projectDir: /home/z5421465/pangenome_pipeline/workflow, commitId: null, revision: null, startTime: 2024-07-01T22:27:45.332147452+10:00, endTime: null, duration: null, container: {}, commandLine: nextflow run main.nf, nextflow: nextflow.NextflowMeta(version:23.10.1, build:5891, timestamp:12-01-2024 22:01 UTC, preview:nextflow.NextflowMeta$Preview@2f14b0f6, enable:nextflow.NextflowMeta$Features@5b20706, dsl2:true, dsl2Final:true, strictModeEnabled:false), success: false, workDir: /home/z5421465/pangenome_pipeline/workflow/work, launchDir: /home/z5421465/pangenome_pipeline/workflow, profile: standard]
July-01 22:27:47.026 [main] ERROR nextflow.cli.Launcher - @unknown
groovy.lang.MissingMethodException: No signature of method: Script_27f5d3ef34ffe471.paramsSummaryLog() is applicable for argument types: (nextflow.script.WorkflowMetadata) values: [repository: null, projectDir: /home/z5421465/pangenome_pipeline/workflow, commitId: null, revision: null, startTime: 2024-07-01T22:27:45.332147452+10:00, endTime: null, duration: null, container: {}, commandLine: nextflow run main.nf, nextflow: nextflow.NextflowMeta(version:23.10.1, build:5891, timestamp:12-01-2024 22:01 UTC, preview:nextflow.NextflowMeta$Preview@2f14b0f6, enable:nextflow.NextflowMeta$Features@5b20706, dsl2:true, dsl2Final:true, strictModeEnabled:false), success: false, workDir: /home/z5421465/pangenome_pipeline/workflow/work, launchDir: /home/z5421465/pangenome_pipeline/workflow, profile: standard]
	at org.codehaus.groovy.runtime.ScriptBytecodeAdapter.unwrap(ScriptBytecodeAdapter.java:70)
	at org.codehaus.groovy.runtime.callsite.PogoMetaClassSite.callCurrent(PogoMetaClassSite.java:80)
	at org.codehaus.groovy.runtime.callsite.CallSiteArray.defaultCallCurrent(CallSiteArray.java:51)
	at org.codehaus.groovy.runtime.callsite.AbstractCallSite.callCurrent(AbstractCallSite.java:171)
	at org.codehaus.groovy.runtime.callsite.AbstractCallSite.callCurrent(AbstractCallSite.java:185)
	at Script_27f5d3ef34ffe471.runScript(Script_27f5d3ef34ffe471:44)
	at nextflow.script.BaseScript.run0(BaseScript.groovy:144)
	at nextflow.script.BaseScript.run(BaseScript.groovy:192)
	at nextflow.script.ScriptParser.runScript(ScriptParser.groovy:236)
	at nextflow.script.ScriptRunner.run(ScriptRunner.groovy:242)
	at nextflow.script.ScriptRunner.execute(ScriptRunner.groovy:137)
	at nextflow.cli.CmdRun.run(CmdRun.groovy:372)
	at nextflow.cli.Launcher.run(Launcher.groovy:500)
	at nextflow.cli.Launcher.main(Launcher.groovy:672)
