Jul.-05 23:38:24.137 [main] DEBUG nextflow.cli.Launcher - $> nextflow run main.nf
Jul.-05 23:38:24.486 [main] INFO  nextflow.cli.CmdRun - N E X T F L O W  ~  version 23.10.1
Jul.-05 23:38:24.514 [main] DEBUG nextflow.plugin.PluginsFacade - Setting up plugin manager > mode=prod; embedded=false; plugins-dir=/home/z5421465/.nextflow/plugins; core-plugins: nf-amazon@2.1.4,nf-azure@1.3.3,nf-cloudcache@0.3.0,nf-codecommit@0.1.5,nf-console@1.0.6,nf-ga4gh@1.1.0,nf-google@1.8.3,nf-tower@1.6.3,nf-wave@1.0.1
Jul.-05 23:38:24.548 [main] INFO  o.pf4j.DefaultPluginStatusProvider - Enabled plugins: []
Jul.-05 23:38:24.550 [main] INFO  o.pf4j.DefaultPluginStatusProvider - Disabled plugins: []
Jul.-05 23:38:24.583 [main] INFO  org.pf4j.DefaultPluginManager - PF4J version 3.4.1 in 'deployment' mode
Jul.-05 23:38:24.600 [main] INFO  org.pf4j.AbstractPluginManager - No plugins
Jul.-05 23:38:24.731 [main] DEBUG nextflow.cli.CmdRun - Applied DSL=2 from script declararion
Jul.-05 23:38:24.753 [main] INFO  nextflow.cli.CmdRun - Launching `main.nf` [nostalgic_booth] DSL2 - revision: d1fedb7c06
Jul.-05 23:38:24.754 [main] DEBUG nextflow.plugin.PluginsFacade - Plugins default=[]
Jul.-05 23:38:24.754 [main] DEBUG nextflow.plugin.PluginsFacade - Plugins resolved requirement=[]
Jul.-05 23:38:24.768 [main] DEBUG n.secret.LocalSecretsProvider - Secrets store: /home/z5421465/.nextflow/secrets/store.json
Jul.-05 23:38:24.788 [main] DEBUG nextflow.secret.SecretsLoader - Discovered secrets providers: [nextflow.secret.LocalSecretsProvider@28348c6] - activable => nextflow.secret.LocalSecretsProvider@28348c6
Jul.-05 23:38:24.880 [main] DEBUG nextflow.Session - Session UUID: 3517a30b-758a-409e-a196-66975930a32b
Jul.-05 23:38:24.880 [main] DEBUG nextflow.Session - Run name: nostalgic_booth
Jul.-05 23:38:24.883 [main] DEBUG nextflow.Session - Executor pool size: 4
Jul.-05 23:38:24.893 [main] DEBUG nextflow.file.FilePorter - File porter settings maxRetries=3; maxTransfers=50; pollTimeout=null
Jul.-05 23:38:24.899 [main] DEBUG nextflow.util.ThreadPoolBuilder - Creating thread pool 'FileTransfer' minSize=10; maxSize=12; workQueue=LinkedBlockingQueue[10000]; allowCoreThreadTimeout=false
Jul.-05 23:38:24.992 [main] DEBUG nextflow.cli.CmdRun - 
  Version: 23.10.1 build 5891
  Created: 12-01-2024 22:01 UTC (13-01-2024 09:01 AEDT)
  System: Linux 4.18.0-513.24.1.el8_9.x86_64
  Runtime: Groovy 3.0.19 on OpenJDK 64-Bit Server VM 11.0.17+8
  Encoding: UTF-8 (UTF-8)
  Process: 1988299@katana2 [10.197.42.130]
  CPUs: 4 - Mem: 31.4 GB (11.2 GB) - Swap: 2 GB (1.7 GB)
Jul.-05 23:38:25.046 [main] DEBUG nextflow.Session - Work-dir: /srv/scratch/canpang/pangenome_pipeline/modules/vgstats/work [nfs]
Jul.-05 23:38:25.047 [main] DEBUG nextflow.Session - Script base path does not exist or is not a directory: /srv/scratch/canpang/pangenome_pipeline/modules/vgstats/bin
Jul.-05 23:38:25.057 [main] DEBUG nextflow.executor.ExecutorFactory - Extension executors providers=[]
Jul.-05 23:38:25.068 [main] DEBUG nextflow.Session - Observer factory: DefaultObserverFactory
Jul.-05 23:38:25.106 [main] DEBUG nextflow.cache.CacheFactory - Using Nextflow cache factory: nextflow.cache.DefaultCacheFactory
Jul.-05 23:38:25.118 [main] DEBUG nextflow.util.CustomThreadPool - Creating default thread pool > poolSize: 5; maxThreads: 1000
Jul.-05 23:38:25.469 [main] DEBUG nextflow.Session - Session start
Jul.-05 23:38:26.610 [main] DEBUG nextflow.script.ScriptRunner - > Launching execution
Jul.-05 23:38:26.761 [main] DEBUG nextflow.executor.ExecutorFactory - << taskConfig executor: null
Jul.-05 23:38:26.761 [main] DEBUG nextflow.executor.ExecutorFactory - >> processorType: 'local'
Jul.-05 23:38:26.772 [main] DEBUG nextflow.executor.Executor - [warm up] executor > local
Jul.-05 23:38:26.782 [main] DEBUG n.processor.LocalPollingMonitor - Creating local task monitor for executor 'local' > cpus=4; memory=31.4 GB; capacity=4; pollInterval=100ms; dumpInterval=5m
Jul.-05 23:38:26.788 [main] DEBUG n.processor.TaskPollingMonitor - >>> barrier register (monitor: local)
Jul.-05 23:38:26.955 [main] DEBUG nextflow.Session - Workflow process names [dsl2]: VGSTATS
Jul.-05 23:38:26.955 [main] DEBUG nextflow.Session - Igniting dataflow network (1)
Jul.-05 23:38:26.956 [main] DEBUG nextflow.processor.TaskProcessor - Starting process > VGSTATS
Jul.-05 23:38:26.961 [main] DEBUG nextflow.script.ScriptRunner - Parsed script files:
  Script_62b498de4a955504: /srv/scratch/canpang/pangenome_pipeline/modules/vgstats/main.nf
Jul.-05 23:38:26.962 [main] DEBUG nextflow.script.ScriptRunner - > Awaiting termination 
Jul.-05 23:38:26.963 [main] DEBUG nextflow.Session - Session await
Jul.-05 23:38:27.756 [Task submitter] DEBUG n.executor.local.LocalTaskHandler - Launch cmd line: /bin/bash -ue .command.run
Jul.-05 23:38:27.767 [Task submitter] INFO  nextflow.Session - [d8/095b31] Submitted process > VGSTATS
Jul.-05 23:38:27.995 [Task monitor] DEBUG n.processor.TaskPollingMonitor - Task completed > TaskHandler[id: 1; name: VGSTATS; status: COMPLETED; exit: 1; error: -; workDir: /srv/scratch/canpang/pangenome_pipeline/modules/vgstats/work/d8/095b31536ee012ab99344248e75fd7]
Jul.-05 23:38:28.003 [Task monitor] DEBUG nextflow.processor.TaskProcessor - Handling unexpected condition for
  task: name=VGSTATS; work-dir=/srv/scratch/canpang/pangenome_pipeline/modules/vgstats/work/d8/095b31536ee012ab99344248e75fd7
  error [nextflow.exception.ProcessFailedException]: Process `VGSTATS` terminated with an error exit status (1)
Jul.-05 23:38:28.061 [Task monitor] ERROR nextflow.processor.TaskProcessor - Error executing process > 'VGSTATS'

Caused by:
  Process `VGSTATS` terminated with an error exit status (1)

Command executed:

  mkdir autoindex_results
  /srv/scratch/canpang/vg autoindex --workflow giraffe -r /srv/scratch/canpang/pangenome_pipeline/mock_data.fq -o /srv/scratch/canpang/pangenome_pipeline/modules/vgstats

Command exit status:
  1

Command output:
  (empty)

Command error:
  /srv/scratch/canpang/vg: invalid option -- 'o'

Work dir:
  /srv/scratch/canpang/pangenome_pipeline/modules/vgstats/work/d8/095b31536ee012ab99344248e75fd7

Tip: when you have fixed the problem you can continue the execution adding the option `-resume` to the run command line
Jul.-05 23:38:28.078 [Task monitor] DEBUG nextflow.Session - Session aborted -- Cause: Process `VGSTATS` terminated with an error exit status (1)
Jul.-05 23:38:28.083 [main] DEBUG nextflow.Session - Session await > all processes finished
Jul.-05 23:38:28.145 [main] DEBUG nextflow.Session - Session await > all barriers passed
Jul.-05 23:38:28.150 [main] DEBUG n.trace.WorkflowStatsObserver - Workflow completed > WorkflowStats[succeededCount=0; failedCount=1; ignoredCount=0; cachedCount=0; pendingCount=0; submittedCount=0; runningCount=0; retriesCount=0; abortedCount=0; succeedDuration=0ms; failedDuration=167ms; cachedDuration=0ms;loadCpus=0; loadMemory=0; peakRunning=1; peakCpus=1; peakMemory=0; ]
Jul.-05 23:38:28.156 [Task monitor] DEBUG n.processor.TaskPollingMonitor - <<< barrier arrives (monitor: local) - terminating tasks monitor poll loop
Jul.-05 23:38:28.330 [main] DEBUG nextflow.cache.CacheDB - Closing CacheDB done
Jul.-05 23:38:28.372 [main] DEBUG nextflow.script.ScriptRunner - > Execution complete -- Goodbye
