July-24 12:24:35.472 [main] DEBUG nextflow.cli.Launcher - $> nextflow run modules/samtools/main.nf
July-24 12:24:35.682 [main] INFO  nextflow.cli.CmdRun - N E X T F L O W  ~  version 23.10.1
July-24 12:24:35.700 [main] DEBUG nextflow.plugin.PluginsFacade - Setting up plugin manager > mode=prod; embedded=false; plugins-dir=/home/z5477471/.nextflow/plugins; core-plugins: nf-amazon@2.1.4,nf-azure@1.3.3,nf-cloudcache@0.3.0,nf-codecommit@0.1.5,nf-console@1.0.6,nf-ga4gh@1.1.0,nf-google@1.8.3,nf-tower@1.6.3,nf-wave@1.0.1
July-24 12:24:35.754 [main] INFO  o.pf4j.DefaultPluginStatusProvider - Enabled plugins: []
July-24 12:24:35.755 [main] INFO  o.pf4j.DefaultPluginStatusProvider - Disabled plugins: []
July-24 12:24:35.760 [main] INFO  org.pf4j.DefaultPluginManager - PF4J version 3.4.1 in 'deployment' mode
July-24 12:24:35.772 [main] INFO  org.pf4j.AbstractPluginManager - No plugins
July-24 12:24:35.792 [main] DEBUG nextflow.config.ConfigBuilder - Found config local: /srv/scratch/canpang/pangenome_pipeline/nextflow.config
July-24 12:24:35.794 [main] DEBUG nextflow.config.ConfigBuilder - Parsing config file: /srv/scratch/canpang/pangenome_pipeline/nextflow.config
July-24 12:24:35.821 [main] DEBUG nextflow.config.ConfigBuilder - Applying config profile: `standard`
July-24 12:24:36.284 [main] DEBUG nextflow.cli.CmdRun - Applied DSL=2 from script declararion
July-24 12:24:36.298 [main] INFO  nextflow.cli.CmdRun - Launching `modules/samtools/main.nf` [elated_euler] DSL2 - revision: bd4ecc228a
July-24 12:24:36.299 [main] DEBUG nextflow.plugin.PluginsFacade - Plugins default=[]
July-24 12:24:36.300 [main] DEBUG nextflow.plugin.PluginsFacade - Plugins resolved requirement=[]
July-24 12:24:36.312 [main] DEBUG n.secret.LocalSecretsProvider - Secrets store: /home/z5477471/.nextflow/secrets/store.json
July-24 12:24:36.316 [main] DEBUG nextflow.secret.SecretsLoader - Discovered secrets providers: [nextflow.secret.LocalSecretsProvider@41eb94bc] - activable => nextflow.secret.LocalSecretsProvider@41eb94bc
July-24 12:24:36.370 [main] DEBUG nextflow.Session - Session UUID: fb02dcf1-3a7b-429b-adb3-bf768ea622ab
July-24 12:24:36.370 [main] DEBUG nextflow.Session - Run name: elated_euler
July-24 12:24:36.374 [main] DEBUG nextflow.Session - Executor pool size: 4
July-24 12:24:36.383 [main] DEBUG nextflow.file.FilePorter - File porter settings maxRetries=3; maxTransfers=50; pollTimeout=null
July-24 12:24:36.409 [main] DEBUG nextflow.cli.CmdRun - 
  Version: 23.10.1 build 5891
  Created: 12-01-2024 22:01 UTC (13-01-2024 09:01 AEDT)
  System: Linux 4.18.0-513.24.1.el8_9.x86_64
  Runtime: Groovy 3.0.19 on OpenJDK 64-Bit Server VM 21.0.3+9-LTS
  Encoding: UTF-8 (UTF-8)
  Process: 2000564@katana2 [10.197.42.130]
  CPUs: 4 - Mem: 31.4 GB (3.3 GB) - Swap: 2 GB (1.5 GB) - Virtual threads ON
July-24 12:24:36.464 [main] DEBUG nextflow.Session - Work-dir: /srv/scratch/canpang/pangenome_pipeline/work [nfs]
July-24 12:24:36.464 [main] DEBUG nextflow.Session - Script base path does not exist or is not a directory: /srv/scratch/canpang/pangenome_pipeline/modules/samtools/bin
July-24 12:24:36.476 [main] DEBUG nextflow.executor.ExecutorFactory - Extension executors providers=[]
July-24 12:24:36.488 [main] DEBUG nextflow.Session - Observer factory: DefaultObserverFactory
July-24 12:24:36.510 [main] DEBUG nextflow.cache.CacheFactory - Using Nextflow cache factory: nextflow.cache.DefaultCacheFactory
July-24 12:24:36.519 [main] DEBUG nextflow.util.CustomPoolFactory - Creating virtual thread pool
July-24 12:24:36.799 [main] DEBUG nextflow.Session - Session start
July-24 12:24:37.024 [main] DEBUG nextflow.script.ScriptRunner - > Launching execution
July-24 12:24:37.137 [main] DEBUG nextflow.executor.ExecutorFactory - << taskConfig executor: null
July-24 12:24:37.138 [main] DEBUG nextflow.executor.ExecutorFactory - >> processorType: 'local'
July-24 12:24:37.143 [main] DEBUG nextflow.executor.Executor - [warm up] executor > local
July-24 12:24:37.149 [main] DEBUG n.processor.LocalPollingMonitor - Creating local task monitor for executor 'local' > cpus=4; memory=31.4 GB; capacity=4; pollInterval=100ms; dumpInterval=5m
July-24 12:24:37.151 [main] DEBUG n.processor.TaskPollingMonitor - >>> barrier register (monitor: local)
July-24 12:24:37.234 [main] DEBUG nextflow.executor.ExecutorFactory - << taskConfig executor: null
July-24 12:24:37.234 [main] DEBUG nextflow.executor.ExecutorFactory - >> processorType: 'local'
July-24 12:24:37.239 [main] DEBUG nextflow.Session - Workflow process names [dsl2]: MOVE_FILES, SAMTOOLS
July-24 12:24:37.240 [main] DEBUG nextflow.Session - Igniting dataflow network (2)
July-24 12:24:37.242 [main] DEBUG nextflow.processor.TaskProcessor - Starting process > SAMTOOLS
July-24 12:24:37.245 [main] DEBUG nextflow.processor.TaskProcessor - Starting process > MOVE_FILES
July-24 12:24:37.252 [main] DEBUG nextflow.script.ScriptRunner - Parsed script files:
  Script_bf85dedd0e91e124: /srv/scratch/canpang/pangenome_pipeline/modules/samtools/main.nf
July-24 12:24:37.252 [main] DEBUG nextflow.script.ScriptRunner - > Awaiting termination 
July-24 12:24:37.252 [main] DEBUG nextflow.Session - Session await
July-24 12:24:37.309 [Actor Thread 4] DEBUG nextflow.processor.TaskProcessor - Handling unexpected condition for
  task: name=SAMTOOLS; work-dir=null
  error [nextflow.exception.ProcessUnrecoverableException]: Not a valid path value type: java.util.LinkedHashMap ([bam_file:/srv/scratch/canpang/pangenome_pipeline/Test1-ready.bam])
July-24 12:24:37.321 [Actor Thread 4] ERROR nextflow.processor.TaskProcessor - Error executing process > 'SAMTOOLS'

Caused by:
  Not a valid path value type: java.util.LinkedHashMap ([bam_file:/srv/scratch/canpang/pangenome_pipeline/Test1-ready.bam])


Tip: when you have fixed the problem you can continue the execution adding the option `-resume` to the run command line
July-24 12:24:37.325 [Actor Thread 4] DEBUG nextflow.Session - Session aborted -- Cause: Not a valid path value type: java.util.LinkedHashMap ([bam_file:/srv/scratch/canpang/pangenome_pipeline/Test1-ready.bam])
July-24 12:24:37.340 [Actor Thread 4] DEBUG nextflow.Session - The following nodes are still active:
[process] SAMTOOLS
  status=ACTIVE
  port 0: (value) bound ; channel: bam_file
  port 1: (cntrl) -     ; channel: $

[process] MOVE_FILES
  status=ACTIVE
  port 0: (value) OPEN  ; channel: extracted/mock_datab_R1.fastq.gz
  port 1: (value) OPEN  ; channel: extracted/mock_datab_R2.fastq.gz
  port 2: (cntrl) -     ; channel: $

July-24 12:24:37.341 [main] DEBUG nextflow.Session - Session await > all processes finished
July-24 12:24:37.342 [Task monitor] DEBUG n.processor.TaskPollingMonitor - <<< barrier arrives (monitor: local) - terminating tasks monitor poll loop
July-24 12:24:37.342 [main] DEBUG nextflow.Session - Session await > all barriers passed
July-24 12:24:37.344 [Actor Thread 1] DEBUG nextflow.processor.TaskProcessor - Handling unexpected condition for
  task: name=SAMTOOLS; work-dir=null
  error [java.lang.InterruptedException]: java.lang.InterruptedException
July-24 12:24:37.349 [main] DEBUG n.trace.WorkflowStatsObserver - Workflow completed > WorkflowStats[succeededCount=0; failedCount=0; ignoredCount=0; cachedCount=0; pendingCount=0; submittedCount=0; runningCount=0; retriesCount=0; abortedCount=0; succeedDuration=0ms; failedDuration=0ms; cachedDuration=0ms;loadCpus=0; loadMemory=0; peakRunning=0; peakCpus=0; peakMemory=0; ]
July-24 12:24:37.554 [main] DEBUG nextflow.cache.CacheDB - Closing CacheDB done
July-24 12:24:37.594 [main] DEBUG nextflow.script.ScriptRunner - > Execution complete -- Goodbye
