[2024-07-10 15:39:08,094] multiqc                                            [DEBUG  ]  This is MultiQC v1.13
[2024-07-10 15:39:08,095] multiqc                                            [DEBUG  ]  Command used: /apps/z_install_tree/linux-rocky8-ivybridge/gcc-12.2.0/multiqc-1.13-4j4r3hnkpa3n74z4rg4nxit4v2rri5c5/bin/multiqc /srv/scratch/canpang/pangenome_pipeline -o /srv/scratch/canpang/pangenome_pipeline/results/multiqc_report
[2024-07-10 15:39:09,288] multiqc                                            [WARNING]  MultiQC Version v1.23 now available!
[2024-07-10 15:39:09,288] multiqc                                            [DEBUG  ]  Working dir : /srv/scratch/canpang/pangenome_pipeline/modules/multiqc/work/d0/a0d5b010748f37aa237f92ebf04046
[2024-07-10 15:39:09,288] multiqc                                            [DEBUG  ]  Template    : default
[2024-07-10 15:39:09,288] multiqc                                            [DEBUG  ]  Running Python 3.10.8 (main, Dec  5 2022, 10:38:26) [GCC 12.2.0]
[2024-07-10 15:39:09,288] multiqc                                            [DEBUG  ]  Analysing modules: custom_content, ccs, ngsderive, purple, conpair, lima, peddy, somalier, methylQA, mosdepth, phantompeakqualtools, qualimap, preseq, quast, qorts, rna_seqc, rockhopper, rsem, rseqc, busco, bustools, goleft_indexcov, gffcompare, disambiguate, supernova, deeptools, sargasso, verifybamid, mirtrace, happy, mirtop, sambamba, homer, hops, macs2, theta2, snpeff, gatk, htseq, bcftools, featureCounts, fgbio, dragen, dedup, pbmarkdup, damageprofiler, biobambam2, jcvi, mtnucratio, picard, vep, sentieon, prokka, qc3C, nanostat, samblaster, samtools, sexdeterrmine, eigenstratdatabasetools, bamtools, jellyfish, vcftools, longranger, stacks, varscan2, snippy, bbmap, bismark, biscuit, hicexplorer, hicup, hicpro, salmon, kallisto, slamdunk, star, hisat2, tophat, bowtie2, bowtie1, snpsplit, odgi, pangolin, kat, leehom, adapterRemoval, clipandmerge, cutadapt, flexbar, kaiju, kraken, malt, trimmomatic, sickle, skewer, sortmerna, biobloomtools, fastq_screen, afterqc, fastp, fastqc, pychopper, pycoqc, minionqc, multivcfanalyzer, clusterflow, checkqc, bcl2fastq, bclconvert, interop, ivar, flash, seqyclean, optitype, whatshap
[2024-07-10 15:39:09,288] multiqc                                            [DEBUG  ]  Using temporary directory for creating report: /tmp/tmpgh2nlkou
[2024-07-10 15:39:09,442] multiqc                                            [INFO   ]  Search path : /srv/scratch/canpang/pangenome_pipeline
[2024-07-10 15:40:11,826] multiqc                                            [DEBUG  ]  Summary of files that were skipped by the search: [skipped_file_contents_search_errors: 48279] // [skipped_module_specific_max_filesize: 773] // [skipped_no_match: 743] // [skipped_directory_fn_ignore_dirs: 198] // [skipped_ignore_pattern: 5]
[2024-07-10 15:40:12,163] multiqc.plots.bargraph                             [DEBUG  ]  Using matplotlib version 3.6.2
[2024-07-10 15:40:12,164] multiqc.plots.linegraph                            [DEBUG  ]  Using matplotlib version 3.6.2
[2024-07-10 15:40:12,165] multiqc                                            [DEBUG  ]  No samples found: custom_content
[2024-07-10 15:40:12,202] multiqc.modules.snippy.snippy                      [INFO   ]  Found 1 reports
[2024-07-10 15:40:12,202] multiqc.plots.bargraph                             [WARNING]  Tried to make bar plot, but had no data: snippy_variants
[2024-07-10 15:40:12,236] multiqc.modules.fastqc.fastqc                      [INFO   ]  Found 1 reports
[2024-07-10 15:40:12,301] multiqc                                            [INFO   ]  Compressing plot data
[2024-07-10 15:40:12,310] multiqc                                            [INFO   ]  Report      : ../../../../../results/multiqc_report/multiqc_report.html
[2024-07-10 15:40:12,310] multiqc                                            [INFO   ]  Data        : ../../../../../results/multiqc_report/multiqc_data
[2024-07-10 15:40:12,310] multiqc                                            [DEBUG  ]  Moving data file from '/tmp/tmpgh2nlkou/multiqc_data' to '/srv/scratch/canpang/pangenome_pipeline/results/multiqc_report/multiqc_data'
[2024-07-10 15:40:12,508] multiqc                                            [INFO   ]  MultiQC complete
