[2024-07-10 12:53:19,161] multiqc                                            [DEBUG  ]  This is MultiQC v1.13
[2024-07-10 12:53:19,161] multiqc                                            [DEBUG  ]  Command used: /apps/z_install_tree/linux-rocky8-ivybridge/gcc-12.2.0/multiqc-1.13-4j4r3hnkpa3n74z4rg4nxit4v2rri5c5/bin/multiqc .
[2024-07-10 12:53:20,313] multiqc                                            [WARNING]  MultiQC Version v1.23 now available!
[2024-07-10 12:53:20,314] multiqc                                            [DEBUG  ]  Working dir : /srv/scratch/canpang/pangenome_pipeline
[2024-07-10 12:53:20,314] multiqc                                            [DEBUG  ]  Template    : default
[2024-07-10 12:53:20,314] multiqc                                            [DEBUG  ]  Running Python 3.10.8 (main, Dec  5 2022, 10:38:26) [GCC 12.2.0]
[2024-07-10 12:53:20,314] multiqc                                            [DEBUG  ]  Analysing modules: custom_content, ccs, ngsderive, purple, conpair, lima, peddy, somalier, methylQA, mosdepth, phantompeakqualtools, qualimap, preseq, quast, qorts, rna_seqc, rockhopper, rsem, rseqc, busco, bustools, goleft_indexcov, gffcompare, disambiguate, supernova, deeptools, sargasso, verifybamid, mirtrace, happy, mirtop, sambamba, homer, hops, macs2, theta2, snpeff, gatk, htseq, bcftools, featureCounts, fgbio, dragen, dedup, pbmarkdup, damageprofiler, biobambam2, jcvi, mtnucratio, picard, vep, sentieon, prokka, qc3C, nanostat, samblaster, samtools, sexdeterrmine, eigenstratdatabasetools, bamtools, jellyfish, vcftools, longranger, stacks, varscan2, snippy, bbmap, bismark, biscuit, hicexplorer, hicup, hicpro, salmon, kallisto, slamdunk, star, hisat2, tophat, bowtie2, bowtie1, snpsplit, odgi, pangolin, kat, leehom, adapterRemoval, clipandmerge, cutadapt, flexbar, kaiju, kraken, malt, trimmomatic, sickle, skewer, sortmerna, biobloomtools, fastq_screen, afterqc, fastp, fastqc, pychopper, pycoqc, minionqc, multivcfanalyzer, clusterflow, checkqc, bcl2fastq, bclconvert, interop, ivar, flash, seqyclean, optitype, whatshap
[2024-07-10 12:53:20,314] multiqc                                            [DEBUG  ]  Using temporary directory for creating report: /tmp/tmp915_zgo9
[2024-07-10 12:53:20,508] multiqc                                            [INFO   ]  Search path : /srv/scratch/canpang/pangenome_pipeline
[2024-07-10 12:53:49,385] multiqc                                            [DEBUG  ]  Summary of files that were skipped by the search: [skipped_file_contents_search_errors: 35086] // [skipped_no_match: 477] // [skipped_module_specific_max_filesize: 373] // [skipped_directory_fn_ignore_dirs: 98] // [skipped_ignore_pattern: 3]
[2024-07-10 12:53:49,696] multiqc.plots.bargraph                             [DEBUG  ]  Using matplotlib version 3.6.2
[2024-07-10 12:53:49,696] multiqc.plots.linegraph                            [DEBUG  ]  Using matplotlib version 3.6.2
[2024-07-10 12:53:49,697] multiqc                                            [DEBUG  ]  No samples found: custom_content
[2024-07-10 12:53:49,703] multiqc.modules.fastqc.fastqc                      [INFO   ]  Found 1 reports
[2024-07-10 12:53:49,765] multiqc                                            [INFO   ]  Compressing plot data
[2024-07-10 12:53:49,780] multiqc                                            [WARNING]  Previous MultiQC output found! Adjusting filenames..
[2024-07-10 12:53:49,780] multiqc                                            [WARNING]  Use -f or --force to overwrite existing reports instead
[2024-07-10 12:53:49,781] multiqc                                            [INFO   ]  Report      : multiqc_report_1.html
[2024-07-10 12:53:49,781] multiqc                                            [INFO   ]  Data        : multiqc_data_1
[2024-07-10 12:53:49,781] multiqc                                            [DEBUG  ]  Moving data file from '/tmp/tmp915_zgo9/multiqc_data' to '/srv/scratch/canpang/pangenome_pipeline/multiqc_data_1'
[2024-07-10 12:53:49,970] multiqc                                            [INFO   ]  MultiQC complete
