Jul.-23 11:18:52.018 [main] DEBUG nextflow.cli.Launcher - $> nextflow run main.nf
Jul.-23 11:18:52.211 [main] INFO  nextflow.cli.CmdRun - N E X T F L O W  ~  version 23.10.1
Jul.-23 11:18:52.236 [main] DEBUG nextflow.plugin.PluginsFacade - Setting up plugin manager > mode=prod; embedded=false; plugins-dir=/home/z5421465/.nextflow/plugins; core-plugins: nf-amazon@2.1.4,nf-azure@1.3.3,nf-cloudcache@0.3.0,nf-codecommit@0.1.5,nf-console@1.0.6,nf-ga4gh@1.1.0,nf-google@1.8.3,nf-tower@1.6.3,nf-wave@1.0.1
Jul.-23 11:18:52.276 [main] INFO  o.pf4j.DefaultPluginStatusProvider - Enabled plugins: []
Jul.-23 11:18:52.278 [main] INFO  o.pf4j.DefaultPluginStatusProvider - Disabled plugins: []
Jul.-23 11:18:52.281 [main] INFO  org.pf4j.DefaultPluginManager - PF4J version 3.4.1 in 'deployment' mode
Jul.-23 11:18:52.295 [main] INFO  org.pf4j.AbstractPluginManager - No plugins
Jul.-23 11:18:52.397 [main] DEBUG nextflow.cli.CmdRun - Applied DSL=2 from script declararion
Jul.-23 11:18:52.426 [main] INFO  nextflow.cli.CmdRun - Launching `main.nf` [small_bardeen] DSL2 - revision: acb32307af
Jul.-23 11:18:52.427 [main] DEBUG nextflow.plugin.PluginsFacade - Plugins default=[]
Jul.-23 11:18:52.428 [main] DEBUG nextflow.plugin.PluginsFacade - Plugins resolved requirement=[]
Jul.-23 11:18:52.439 [main] DEBUG n.secret.LocalSecretsProvider - Secrets store: /home/z5421465/.nextflow/secrets/store.json
Jul.-23 11:18:52.447 [main] DEBUG nextflow.secret.SecretsLoader - Discovered secrets providers: [nextflow.secret.LocalSecretsProvider@6c65860d] - activable => nextflow.secret.LocalSecretsProvider@6c65860d
Jul.-23 11:18:52.525 [main] DEBUG nextflow.Session - Session UUID: 7cf3be7a-62a3-49ec-bfbe-6fe57bb0c24e
Jul.-23 11:18:52.525 [main] DEBUG nextflow.Session - Run name: small_bardeen
Jul.-23 11:18:52.527 [main] DEBUG nextflow.Session - Executor pool size: 8
Jul.-23 11:18:52.534 [main] DEBUG nextflow.file.FilePorter - File porter settings maxRetries=3; maxTransfers=50; pollTimeout=null
Jul.-23 11:18:52.540 [main] DEBUG nextflow.util.ThreadPoolBuilder - Creating thread pool 'FileTransfer' minSize=10; maxSize=24; workQueue=LinkedBlockingQueue[10000]; allowCoreThreadTimeout=false
Jul.-23 11:18:52.593 [main] DEBUG nextflow.cli.CmdRun - 
  Version: 23.10.1 build 5891
  Created: 12-01-2024 22:01 UTC (13-01-2024 09:01 AEDT)
  System: Linux 4.18.0-513.24.1.el8_9.x86_64
  Runtime: Groovy 3.0.19 on OpenJDK 64-Bit Server VM 11.0.17+8
  Encoding: UTF-8 (UTF-8)
  Process: 1999519@katana3 [10.197.42.131]
  CPUs: 8 - Mem: 31.3 GB (7.1 GB) - Swap: 2 GB (68 KB)
Jul.-23 11:18:52.670 [main] DEBUG nextflow.Session - Work-dir: /srv/scratch/canpang/pangenome_pipeline/modules/fastqc/work [nfs]
Jul.-23 11:18:52.671 [main] DEBUG nextflow.Session - Script base path does not exist or is not a directory: /srv/scratch/canpang/pangenome_pipeline/modules/fastqc/bin
Jul.-23 11:18:52.691 [main] DEBUG nextflow.executor.ExecutorFactory - Extension executors providers=[]
Jul.-23 11:18:52.704 [main] DEBUG nextflow.Session - Observer factory: DefaultObserverFactory
Jul.-23 11:18:52.726 [main] DEBUG nextflow.cache.CacheFactory - Using Nextflow cache factory: nextflow.cache.DefaultCacheFactory
Jul.-23 11:18:52.738 [main] DEBUG nextflow.util.CustomThreadPool - Creating default thread pool > poolSize: 9; maxThreads: 1000
Jul.-23 11:18:53.041 [main] DEBUG nextflow.Session - Session start
Jul.-23 11:18:53.708 [main] DEBUG nextflow.script.ScriptRunner - > Launching execution
Jul.-23 11:18:53.784 [main] DEBUG nextflow.executor.ExecutorFactory - << taskConfig executor: null
Jul.-23 11:18:53.784 [main] DEBUG nextflow.executor.ExecutorFactory - >> processorType: 'local'
Jul.-23 11:18:53.790 [main] DEBUG nextflow.executor.Executor - [warm up] executor > local
Jul.-23 11:18:53.795 [main] DEBUG n.processor.LocalPollingMonitor - Creating local task monitor for executor 'local' > cpus=8; memory=31.3 GB; capacity=8; pollInterval=100ms; dumpInterval=5m
Jul.-23 11:18:53.798 [main] DEBUG n.processor.TaskPollingMonitor - >>> barrier register (monitor: local)
Jul.-23 11:18:53.911 [main] DEBUG nextflow.Session - Workflow process names [dsl2]: FASTQC
Jul.-23 11:18:53.912 [main] DEBUG nextflow.Session - Igniting dataflow network (1)
Jul.-23 11:18:53.912 [main] DEBUG nextflow.processor.TaskProcessor - Starting process > FASTQC
Jul.-23 11:18:53.913 [main] DEBUG nextflow.script.ScriptRunner - Parsed script files:
  Script_6f7348bb1340749d: /srv/scratch/canpang/pangenome_pipeline/modules/fastqc/main.nf
Jul.-23 11:18:53.913 [main] DEBUG nextflow.script.ScriptRunner - > Awaiting termination 
Jul.-23 11:18:53.913 [main] DEBUG nextflow.Session - Session await
Jul.-23 11:18:54.226 [Task submitter] DEBUG n.executor.local.LocalTaskHandler - Launch cmd line: /bin/bash -ue .command.run
Jul.-23 11:18:54.229 [Task submitter] INFO  nextflow.Session - [15/cecc35] Submitted process > FASTQC
Jul.-23 11:18:57.348 [Task monitor] DEBUG n.processor.TaskPollingMonitor - Task completed > TaskHandler[id: 1; name: FASTQC; status: COMPLETED; exit: 0; error: -; workDir: /srv/scratch/canpang/pangenome_pipeline/modules/fastqc/work/15/cecc35e0a3b343f96a2aa6bf225863]
Jul.-23 11:18:57.363 [main] DEBUG nextflow.Session - Session await > all processes finished
Jul.-23 11:18:57.365 [Task monitor] DEBUG n.processor.TaskPollingMonitor - <<< barrier arrives (monitor: local) - terminating tasks monitor poll loop
Jul.-23 11:18:57.365 [main] DEBUG nextflow.Session - Session await > all barriers passed
Jul.-23 11:18:57.373 [main] DEBUG n.trace.WorkflowStatsObserver - Workflow completed > WorkflowStats[succeededCount=1; failedCount=0; ignoredCount=0; cachedCount=0; pendingCount=0; submittedCount=0; runningCount=0; retriesCount=0; abortedCount=0; succeedDuration=3s; failedDuration=0ms; cachedDuration=0ms;loadCpus=0; loadMemory=0; peakRunning=1; peakCpus=1; peakMemory=0; ]
Jul.-23 11:18:57.542 [main] DEBUG nextflow.cache.CacheDB - Closing CacheDB done
Jul.-23 11:18:57.580 [main] DEBUG nextflow.util.ThreadPoolManager - Thread pool 'FileTransfer' shutdown completed (hard=false)
Jul.-23 11:18:57.580 [main] DEBUG nextflow.script.ScriptRunner - > Execution complete -- Goodbye
